<?xml version="1.0" encoding="UTF-8"?>
<!-- Generated by org.testng.reporters.JUnitReportReporter -->
<testsuite skipped="0" hostname="lenovo" name="com.crm.LoginTest.VerifycrmLogin" tests="3" failures="0" timestamp="2019-10-15T15:27:29 GMT-12:00" time="13.010" errors="0">
  <testcase name="verifyValid" time="3.726" classname="com.crm.LoginTest.VerifycrmLogin"/>
  <testcase name="openCampingPage" time="1.729" classname="com.crm.LoginTest.VerifycrmLogin"/>
  <testcase name="openNewCampaign" time="7.555" classname="com.crm.LoginTest.VerifycrmLogin"/>
</testsuite> <!-- com.crm.LoginTest.VerifycrmLogin -->
